<?xml version="1.0" encoding="UTF-8"?>
<!-- Generated by org.testng.reporters.JUnitXMLReporter -->
<testsuite ignored="0" hostname="Sumit-PC" failures="0" tests="4" name="Default test" time="24.056" errors="0" timestamp="2024-09-20T13:50:55 IST">
  <testcase classname="api.Test.UserTest0" name="testPostUser" time="11.752"/>
  <testcase classname="api.Test.UserTest0" name="testGetUserByName" time="3.056"/>
  <testcase classname="api.Test.UserTest0" name="testUpdatetUserByName" time="5.513"/>
  <testcase classname="api.Test.UserTest0" name="testDeleteUserByName" time="2.583"/>
</testsuite> <!-- Default test -->
