<?xml version="1.0" encoding="UTF-8"?>
<testng-results ignored="0" total="4" passed="4" failed="0" skipped="0">
  <reporter-output>
  </reporter-output>
  <suite started-at="2024-09-20T13:50:31 IST" name="Default suite" finished-at="2024-09-20T13:50:55 IST" duration-ms="24056">
    <groups>
    </groups>
    <test started-at="2024-09-20T13:50:31 IST" name="Default test" finished-at="2024-09-20T13:50:55 IST" duration-ms="24056">
      <class name="api.Test.UserTest0">
        <test-method is-config="true" signature="setup()[pri:0, instance:api.Test.UserTest0@2aceadd4]" started-at="2024-09-20T13:50:31 IST" name="setup" finished-at="2024-09-20T13:50:32 IST" duration-ms="905" status="PASS">
          <reporter-output>
          </reporter-output>
        </test-method> <!-- setup -->
        <test-method signature="testPostUser()[pri:1, instance:api.Test.UserTest0@2aceadd4]" started-at="2024-09-20T13:50:32 IST" name="testPostUser" finished-at="2024-09-20T13:50:44 IST" duration-ms="11752" status="PASS">
          <reporter-output>
          </reporter-output>
        </test-method> <!-- testPostUser -->
        <test-method signature="testGetUserByName()[pri:2, instance:api.Test.UserTest0@2aceadd4]" started-at="2024-09-20T13:50:44 IST" name="testGetUserByName" finished-at="2024-09-20T13:50:47 IST" duration-ms="3056" status="PASS">
          <reporter-output>
          </reporter-output>
        </test-method> <!-- testGetUserByName -->
        <test-method signature="testUpdatetUserByName()[pri:3, instance:api.Test.UserTest0@2aceadd4]" started-at="2024-09-20T13:50:47 IST" name="testUpdatetUserByName" finished-at="2024-09-20T13:50:52 IST" duration-ms="5513" status="PASS">
          <reporter-output>
          </reporter-output>
        </test-method> <!-- testUpdatetUserByName -->
        <test-method signature="testDeleteUserByName()[pri:4, instance:api.Test.UserTest0@2aceadd4]" started-at="2024-09-20T13:50:52 IST" name="testDeleteUserByName" finished-at="2024-09-20T13:50:55 IST" duration-ms="2583" status="PASS">
          <reporter-output>
          </reporter-output>
        </test-method> <!-- testDeleteUserByName -->
      </class> <!-- api.Test.UserTest0 -->
    </test> <!-- Default test -->
  </suite> <!-- Default suite -->
</testng-results>
