<?xml version="1.0" encoding="UTF-8"?>
<!-- Generated by org.testng.reporters.JUnitXMLReporter -->
<testsuite ignored="0" hostname="Sumit-PC" failures="0" tests="4" name="PetTests" time="37.507" errors="0" timestamp="2024-09-19T23:57:51 IST">
  <testcase classname="api.Test.UserTests2" name="testPostUser" time="17.76"/>
  <testcase classname="api.Test.UserTests2" name="testGetUserByName" time="5.934"/>
  <testcase classname="api.Test.UserTests2" name="testUpdateUserByName" time="7.729"/>
  <testcase classname="api.Test.UserTests2" name="testDeleteUserByName" time="3.61"/>
</testsuite> <!-- PetTests -->
